TN:
SF:D:\documents\2UP\2UP_js\test-master\src\index.js
FN:15,returnFirstArgument
FN:34,sumWithDefaults
FN:47,returnFnResult
FN:50,(anonymous_3)
FN:65,returnCounter
FN:66,(anonymous_5)
FN:79,returnArgumentsArray
FN:99,bindFunction
FN:100,(anonymous_8)
FN:102,sum
FN:115,forEach
FN:128,map
FN:144,reduce
FN:164,upperProps
FN:182,slice
FNF:15
FNH:14
FNDA:2,returnFirstArgument
FNDA:3,sumWithDefaults
FNDA:2,returnFnResult
FNDA:1,(anonymous_3)
FNDA:4,returnCounter
FNDA:6,(anonymous_5)
FNDA:3,returnArgumentsArray
FNDA:3,bindFunction
FNDA:1,(anonymous_8)
FNDA:0,sum
FNDA:3,forEach
FNDA:5,map
FNDA:11,reduce
FNDA:2,upperProps
FNDA:17,slice
DA:16,2
DA:18,1
DA:34,3
DA:35,3
DA:37,1
DA:48,2
DA:50,1
DA:65,4
DA:66,6
DA:68,1
DA:80,3
DA:82,1
DA:99,6
DA:100,3
DA:103,0
DA:105,1
DA:117,3
DA:118,18
DA:129,5
DA:131,5
DA:132,37
DA:135,5
DA:145,11
DA:146,11
DA:149,11
DA:150,63
DA:153,11
DA:165,2
DA:167,2
DA:168,4
DA:169,4
DA:172,2
DA:174,1
DA:182,17
DA:183,17
DA:185,17
DA:186,3
DA:188,17
DA:189,0
DA:191,17
DA:192,1
DA:195,17
DA:196,3
DA:198,17
DA:199,1
DA:202,17
DA:203,56
DA:206,17
LF:48
LH:46
BRDA:34,0,0,1
BRDA:34,0,1,2
BRDA:34,1,0,3
BRDA:34,1,1,1
BRDA:65,2,0,2
BRDA:65,2,1,2
BRDA:65,3,0,4
BRDA:65,3,1,2
BRDA:146,4,0,11
BRDA:146,4,1,7
BRDA:182,5,0,16
BRDA:182,5,1,1
BRDA:182,6,0,34
BRDA:182,6,1,28
BRDA:182,7,0,12
BRDA:182,7,1,5
BRDA:185,8,0,3
BRDA:185,8,1,14
BRDA:185,9,0,17
BRDA:185,9,1,3
BRDA:188,10,0,0
BRDA:188,10,1,17
BRDA:191,11,0,1
BRDA:191,11,1,16
BRDA:195,12,0,3
BRDA:195,12,1,14
BRDA:195,13,0,17
BRDA:195,13,1,5
BRDA:198,14,0,1
BRDA:198,14,1,16
BRF:30
BRH:29
end_of_record
