TN:
SF:D:\documents\2UP\2UP_js\2UP\src\index.js
FN:13,createDivWithText
FN:29,prepend
FN:54,findAllPSiblings
FN:84,findError
FN:108,deleteTextNodes
FN:130,deleteTextNodesRecursive
FN:165,collectDOMStat
FN:203,checkDuplication
FN:260,observeChildNodes
FN:270,(anonymous_9)
FN:272,(anonymous_10)
FNF:11
FNH:11
FNDA:2,createDivWithText
FNDA:1,prepend
FNDA:1,findAllPSiblings
FNDA:1,findError
FNDA:1,deleteTextNodes
FNDA:5,deleteTextNodesRecursive
FNDA:4,collectDOMStat
FNDA:6,checkDuplication
FNDA:4,observeChildNodes
FNDA:4,(anonymous_9)
FNDA:4,(anonymous_10)
DA:14,2
DA:16,2
DA:18,2
DA:32,1
DA:55,1
DA:56,1
DA:58,1
DA:59,4
DA:60,2
DA:64,1
DA:84,7
DA:85,1
DA:87,5
DA:88,5
DA:89,2
DA:93,1
DA:109,1
DA:111,1
DA:112,3
DA:113,3
DA:131,5
DA:133,5
DA:134,11
DA:136,11
DA:137,7
DA:138,7
DA:139,4
DA:140,4
DA:165,28
DA:167,4
DA:172,4
DA:174,6
DA:176,6
DA:177,3
DA:178,3
DA:181,3
DA:183,14
DA:185,3
DA:186,3
DA:187,0
DA:189,3
DA:193,3
DA:195,3
DA:196,1
DA:198,2
DA:203,3
DA:204,6
DA:206,3
DA:207,1
DA:209,2
DA:215,3
DA:217,3
DA:218,3
DA:220,3
DA:221,3
DA:225,4
DA:261,4
DA:266,4
DA:270,4
DA:272,4
DA:273,4
DA:274,2
DA:275,2
DA:278,4
DA:279,2
DA:280,2
DA:285,4
DA:288,4
LF:68
LH:67
BRDA:59,0,0,2
BRDA:59,0,1,2
BRDA:88,1,0,2
BRDA:88,1,1,3
BRDA:84,2,0,1
BRDA:84,2,1,2
BRDA:112,3,0,3
BRDA:112,3,1,0
BRDA:136,4,0,7
BRDA:136,4,1,4
BRDA:139,5,0,4
BRDA:139,5,1,0
BRDA:176,6,0,3
BRDA:176,6,1,3
BRDA:183,7,0,2
BRDA:183,7,1,1
BRDA:183,8,0,3
BRDA:183,8,1,3
BRDA:186,9,0,0
BRDA:186,9,1,3
BRDA:183,10,0,2
BRDA:183,10,1,4
BRDA:193,11,0,3
BRDA:193,11,1,0
BRDA:195,12,0,1
BRDA:195,12,1,2
BRDA:206,13,0,1
BRDA:206,13,1,2
BRDA:220,14,0,3
BRDA:220,14,1,0
BRDA:165,15,0,4
BRDA:165,15,1,8
BRDA:273,16,0,2
BRDA:273,16,1,2
BRDA:278,17,0,2
BRDA:278,17,1,2
BRF:36
BRH:31
end_of_record
